<?xml version="1.0" encoding="UTF-8"?>
<!-- Generated by org.testng.reporters.JUnitReportReporter -->
<testsuite hostname="GC02TD4EPG8WNE" failures="0" tests="9" name="com.dc.datacreator.tests.DataTest" time="134.451" errors="0" timestamp="25 Oct 2019 06:10:07 GMT" skipped="8">
  <testcase classname="com.dc.datacreator.tests.DataTest" name="createWorkOrder" time="134.451"/>
  <testcase classname="com.dc.datacreator.tests.DataTest" name="producttest">
    <skipped/>
  </testcase> <!-- producttest -->
  <testcase classname="com.dc.datacreator.tests.DataTest" name="casetest">
    <skipped/>
  </testcase> <!-- casetest -->
  <testcase classname="com.dc.datacreator.tests.DataTest" name="locationtest">
    <skipped/>
  </testcase> <!-- locationtest -->
  <testcase classname="com.dc.datacreator.tests.DataTest" name="accountTest">
    <skipped/>
  </testcase> <!-- accountTest -->
  <testcase classname="com.dc.datacreator.tests.DataTest" name="contacttest">
    <skipped/>
  </testcase> <!-- contacttest -->
  <testcase classname="com.dc.datacreator.tests.DataTest" name="addDispatcher">
    <skipped/>
  </testcase> <!-- addDispatcher -->
  <testcase classname="com.dc.datacreator.tests.DataTest" name="createTeamtest">
    <skipped/>
  </testcase> <!-- createTeamtest -->
  <testcase classname="com.dc.datacreator.tests.DataTest" name="createTechtest">
    <skipped/>
  </testcase> <!-- createTechtest -->
</testsuite> <!-- com.dc.datacreator.tests.DataTest -->
