<?xml version="1.0" encoding="UTF-8"?>
<!-- Generated by org.testng.reporters.JUnitReportReporter -->
<testsuite hostname="GC02TD4EPG8WNE" failures="0" tests="8" name="com.dc.datacreator.tests.DataTest" time="4.808" errors="0" timestamp="23 Sep 2019 07:30:33 GMT" skipped="7">
  <testcase classname="com.dc.datacreator.tests.DataTest" name="addDispatcher" time="4.808"/>
  <testcase classname="com.dc.datacreator.tests.DataTest" name="producttest">
    <skipped/>
  </testcase> <!-- producttest -->
  <testcase classname="com.dc.datacreator.tests.DataTest" name="casetest">
    <skipped/>
  </testcase> <!-- casetest -->
  <testcase classname="com.dc.datacreator.tests.DataTest" name="locationtest">
    <skipped/>
  </testcase> <!-- locationtest -->
  <testcase classname="com.dc.datacreator.tests.DataTest" name="accountTest">
    <skipped/>
  </testcase> <!-- accountTest -->
  <testcase classname="com.dc.datacreator.tests.DataTest" name="contacttest">
    <skipped/>
  </testcase> <!-- contacttest -->
  <testcase classname="com.dc.datacreator.tests.DataTest" name="createTeamtest">
    <skipped/>
  </testcase> <!-- createTeamtest -->
  <testcase classname="com.dc.datacreator.tests.DataTest" name="createTechtest">
    <skipped/>
  </testcase> <!-- createTechtest -->
</testsuite> <!-- com.dc.datacreator.tests.DataTest -->
