<?xml version="1.0" encoding="UTF-8"?>
<!-- Generated by org.testng.reporters.JUnitReportReporter -->
<testsuite hostname="GC02TD4EPG8WNE" failures="0" tests="2" name="com.dc.datacreator.tests.EventTest" time="4776.303" errors="0" timestamp="07 Nov 2019 02:47:55 GMT" skipped="0">
  <testcase classname="com.dc.datacreator.tests.EventTest" name="eventTest" time="3996.397"/>
  <testcase classname="com.dc.datacreator.tests.EventTest" name="eventNonWOTest" time="779.906"/>
</testsuite> <!-- com.dc.datacreator.tests.EventTest -->
