<?xml version="1.0" encoding="UTF-8"?>
<!-- Generated by org.testng.reporters.JUnitReportReporter -->
<testsuite hostname="GC02TD4EPG8WNE" failures="0" tests="1" name="com.dc.datacreator.tests.EventTest" time="817.931" errors="0" timestamp="25 Oct 2019 06:42:52 GMT" skipped="0">
  <testcase classname="com.dc.datacreator.tests.EventTest" name="eventTest" time="817.931"/>
</testsuite> <!-- com.dc.datacreator.tests.EventTest -->
