<?xml version="1.0" encoding="UTF-8"?>
<!-- Generated by org.testng.reporters.JUnitReportReporter -->
<testsuite hostname="GC02TD4EPG8WNE" failures="0" tests="2" name="com.dc.datacreator.tests.EventTest" time="0.015" errors="0" timestamp="26 Nov 2019 07:30:10 GMT" skipped="1">
  <testcase classname="com.dc.datacreator.tests.EventTest" name="eventTest" time="0.015"/>
  <testcase classname="com.dc.datacreator.tests.EventTest" name="eventNonWOTest">
    <skipped/>
  </testcase> <!-- eventNonWOTest -->
</testsuite> <!-- com.dc.datacreator.tests.EventTest -->
