<?xml version="1.0" encoding="UTF-8"?>
<!-- Generated by org.testng.reporters.JUnitReportReporter -->
<testsuite hostname="GC02TD4EPG8WNE" failures="0" tests="1" name="com.dc.datacreator.tests.PerformanceTest" time="22.977" errors="0" timestamp="25 Oct 2019 11:01:26 GMT" skipped="0">
  <testcase classname="com.dc.datacreator.tests.PerformanceTest" name="passtest" time="22.977"/>
</testsuite> <!-- com.dc.datacreator.tests.PerformanceTest -->
